<?xml version="1.0" encoding="UTF-8"?>
<!-- Generated by org.testng.reporters.JUnitXMLReporter -->
<testsuite hostname="DESKTOP-UGQ32GM" ignored="1" name="Test2" tests="5" failures="0" timestamp="16 Jul 2022 06:32:03 GMT" time="38.043" errors="0">
  <testcase name="@BeforeClass BrowserLaunch" time="37.82" classname="org.Testng.TvPurchaseTestng">
    <failure type="org.openqa.selenium.WebDriverException" message="unknown error: cannot determine loading status
from disconnected: received Inspector.detached event
  (Session info: MicrosoftEdge=102.0.1245.44)
Build info: version: &amp;apos;3.141.59&amp;apos;, revision: &amp;apos;e82be7d358&amp;apos;, time: &amp;apos;2018-11-14T08:17:03&amp;apos;
System info: host: &amp;apos;DESKTOP-UGQ32GM&amp;apos;, ip: &amp;apos;192.168.145.105&amp;apos;, os.name: &amp;apos;Windows 10&amp;apos;, os.arch: &amp;apos;amd64&amp;apos;, os.version: &amp;apos;10.0&amp;apos;, java.version: &amp;apos;1.8.0_202&amp;apos;
Driver info: org.openqa.selenium.edge.EdgeDriver
Capabilities {acceptInsecureCerts: false, browserName: msedge, browserVersion: 102.0.1245.44, javascriptEnabled: true, ms:edgeOptions: {debuggerAddress: localhost:59314}, msedge: {msedgedriverVersion: 102.0.1245.56 (b6b249bbb931..., userDataDir: C:\Users\HP\AppData\Local\T...}, networkConnectionEnabled: false, pageLoadStrategy: normal, platform: WINDOWS, platformName: WINDOWS, proxy: Proxy(), setWindowRect: true, strictFileInteractability: false, timeouts: {implicit: 0, pageLoad: 300000, script: 30000}, unhandledPromptBehavior: dismiss and notify, webauthn:extension:credBlob: true, webauthn:extension:largeBlob: true, webauthn:virtualAuthenticators: true}
Session ID: e71b3de26a25ba38164dfc57e89e5b27">
      <![CDATA[org.openqa.selenium.WebDriverException: unknown error: cannot determine loading status
from disconnected: received Inspector.detached event
  (Session info: MicrosoftEdge=102.0.1245.44)
Build info: version: '3.141.59', revision: 'e82be7d358', time: '2018-11-14T08:17:03'
System info: host: 'DESKTOP-UGQ32GM', ip: '192.168.145.105', os.name: 'Windows 10', os.arch: 'amd64', os.version: '10.0', java.version: '1.8.0_202'
Driver info: org.openqa.selenium.edge.EdgeDriver
Capabilities {acceptInsecureCerts: false, browserName: msedge, browserVersion: 102.0.1245.44, javascriptEnabled: true, ms:edgeOptions: {debuggerAddress: localhost:59314}, msedge: {msedgedriverVersion: 102.0.1245.56 (b6b249bbb931..., userDataDir: C:\Users\HP\AppData\Local\T...}, networkConnectionEnabled: false, pageLoadStrategy: normal, platform: WINDOWS, platformName: WINDOWS, proxy: Proxy(), setWindowRect: true, strictFileInteractability: false, timeouts: {implicit: 0, pageLoad: 300000, script: 30000}, unhandledPromptBehavior: dismiss and notify, webauthn:extension:credBlob: true, webauthn:extension:largeBlob: true, webauthn:virtualAuthenticators: true}
Session ID: e71b3de26a25ba38164dfc57e89e5b27
at org.openqa.selenium.remote.http.W3CHttpResponseCodec.createException(W3CHttpResponseCodec.java:187)
at org.openqa.selenium.remote.http.W3CHttpResponseCodec.decode(W3CHttpResponseCodec.java:122)
at org.openqa.selenium.remote.http.W3CHttpResponseCodec.decode(W3CHttpResponseCodec.java:49)
at org.openqa.selenium.remote.HttpCommandExecutor.execute(HttpCommandExecutor.java:158)
at org.openqa.selenium.remote.service.DriverCommandExecutor.execute(DriverCommandExecutor.java:83)
at org.openqa.selenium.remote.RemoteWebDriver.execute(RemoteWebDriver.java:552)
at org.openqa.selenium.remote.RemoteWebDriver.get(RemoteWebDriver.java:277)
at org.Testng.TvPurchaseTestng.BrowserLaunch(TvPurchaseTestng.java:49)
at java.util.concurrent.FutureTask.run(FutureTask.java:266)
at java.util.concurrent.ThreadPoolExecutor.runWorker(ThreadPoolExecutor.java:1149)
at java.util.concurrent.ThreadPoolExecutor$Worker.run(ThreadPoolExecutor.java:624)
at java.lang.Thread.run(Thread.java:748)
... Removed 21 stack frames]]>
    </failure>
  </testcase> <!-- @BeforeClass BrowserLaunch -->
  <testcase name="@BeforeMethod startingTime" time="0.0" classname="org.Testng.TvPurchaseTestng">
    <skipped/>
  </testcase> <!-- @BeforeMethod startingTime -->
  <testcase name="@AfterMethod endTime" time="0.0" classname="org.Testng.TvPurchaseTestng">
    <skipped/>
  </testcase> <!-- @AfterMethod endTime -->
  <testcase name="@BeforeMethod startingTime" time="0.0" classname="org.Testng.TvPurchaseTestng">
    <skipped/>
  </testcase> <!-- @BeforeMethod startingTime -->
  <testcase name="@AfterMethod endTime" time="0.0" classname="org.Testng.TvPurchaseTestng">
    <skipped/>
  </testcase> <!-- @AfterMethod endTime -->
  <testcase name="@BeforeMethod startingTime" time="0.0" classname="org.Testng.TvPurchaseTestng">
    <skipped/>
  </testcase> <!-- @BeforeMethod startingTime -->
  <testcase name="@AfterMethod endTime" time="0.0" classname="org.Testng.TvPurchaseTestng">
    <skipped/>
  </testcase> <!-- @AfterMethod endTime -->
  <testcase name="@BeforeMethod startingTime" time="0.0" classname="org.Testng.TvPurchaseTestng">
    <skipped/>
  </testcase> <!-- @BeforeMethod startingTime -->
  <testcase name="@AfterMethod endTime" time="0.0" classname="org.Testng.TvPurchaseTestng">
    <skipped/>
  </testcase> <!-- @AfterMethod endTime -->
  <testcase name="@BeforeMethod startingTime" time="0.0" classname="org.Testng.TvPurchaseTestng">
    <skipped/>
  </testcase> <!-- @BeforeMethod startingTime -->
  <testcase name="@AfterMethod endTime" time="0.0" classname="org.Testng.TvPurchaseTestng">
    <skipped/>
  </testcase> <!-- @AfterMethod endTime -->
  <testcase name="login" time="0.0" classname="org.Testng.TvPurchaseTestng">
    <skipped/>
  </testcase> <!-- login -->
  <testcase name="Search" time="0.0" classname="org.Testng.TvPurchaseTestng">
    <skipped/>
  </testcase> <!-- Search -->
  <testcase name="closeicon" time="0.0" classname="org.Testng.TvPurchaseTestng">
    <skipped/>
  </testcase> <!-- closeicon -->
  <testcase name="GetMobileName" time="0.0" classname="org.Testng.TvPurchaseTestng">
    <skipped/>
  </testcase> <!-- GetMobileName -->
  <testcase name="ScreenShot" time="0.0" classname="org.Testng.TvPurchaseTestng">
    <skipped/>
  </testcase> <!-- ScreenShot -->
  <testcase name="Assert" time="0.0" classname="org.Testng.TvPurchaseTestng">
    <ignored/>
  </testcase> <!-- Assert -->
</testsuite> <!-- Test2 -->
