<?xml version="1.0" encoding="UTF-8"?>
<testng-results skipped="2" failed="2" ignored="1" total="8" passed="3">
  <reporter-output>
  </reporter-output>
  <suite name="Suite" duration-ms="21623" started-at="2022-07-16T09:30:28Z" finished-at="2022-07-16T09:30:49Z">
    <groups>
    </groups>
    <test name="Test" duration-ms="21623" started-at="2022-07-16T09:30:28Z" finished-at="2022-07-16T09:30:49Z">
      <class name="org.Testng.TvPurchaseTestng">
        <test-method status="PASS" signature="BrowserLaunch(java.lang.String)[pri:0, instance:org.Testng.TvPurchaseTestng@7d9d1a19]" name="BrowserLaunch" is-config="true" duration-ms="11271" started-at="2022-07-16T09:30:28Z" finished-at="2022-07-16T09:30:39Z">
          <params>
            <param index="0">
              <value>
                <![CDATA[chrome]]>
              </value>
            </param>
          </params>
          <reporter-output>
          </reporter-output>
        </test-method> <!-- BrowserLaunch -->
        <test-method status="PASS" signature="login()[pri:1, instance:org.Testng.TvPurchaseTestng@7d9d1a19]" name="login" duration-ms="3325" started-at="2022-07-16T09:30:39Z" finished-at="2022-07-16T09:30:42Z">
          <reporter-output>
          </reporter-output>
        </test-method> <!-- login -->
        <test-method status="PASS" signature="startingTime()[pri:0, instance:org.Testng.TvPurchaseTestng@7d9d1a19]" name="startingTime" is-config="true" duration-ms="0" started-at="2022-07-16T09:30:39Z" finished-at="2022-07-16T09:30:39Z">
          <reporter-output>
          </reporter-output>
        </test-method> <!-- startingTime -->
        <test-method status="PASS" signature="endTime()[pri:0, instance:org.Testng.TvPurchaseTestng@7d9d1a19]" name="endTime" is-config="true" duration-ms="1" started-at="2022-07-16T09:30:42Z" finished-at="2022-07-16T09:30:42Z">
          <reporter-output>
          </reporter-output>
        </test-method> <!-- endTime -->
        <test-method status="PASS" signature="Search()[pri:2, instance:org.Testng.TvPurchaseTestng@7d9d1a19]" name="Search" duration-ms="181" started-at="2022-07-16T09:30:42Z" finished-at="2022-07-16T09:30:43Z">
          <reporter-output>
          </reporter-output>
        </test-method> <!-- Search -->
        <test-method status="PASS" signature="startingTime()[pri:0, instance:org.Testng.TvPurchaseTestng@7d9d1a19]" name="startingTime" is-config="true" duration-ms="0" started-at="2022-07-16T09:30:42Z" finished-at="2022-07-16T09:30:42Z">
          <reporter-output>
          </reporter-output>
        </test-method> <!-- startingTime -->
        <test-method status="PASS" signature="endTime()[pri:0, instance:org.Testng.TvPurchaseTestng@7d9d1a19]" name="endTime" is-config="true" duration-ms="1" started-at="2022-07-16T09:30:43Z" finished-at="2022-07-16T09:30:43Z">
          <reporter-output>
          </reporter-output>
        </test-method> <!-- endTime -->
        <test-method status="PASS" signature="startingTime()[pri:0, instance:org.Testng.TvPurchaseTestng@7d9d1a19]" name="startingTime" is-config="true" duration-ms="1" started-at="2022-07-16T09:30:43Z" finished-at="2022-07-16T09:30:43Z">
          <reporter-output>
          </reporter-output>
        </test-method> <!-- startingTime -->
        <test-method status="SKIP" signature="closeicon()[pri:3, instance:org.Testng.TvPurchaseTestng@7d9d1a19]" name="closeicon" duration-ms="127" started-at="2022-07-16T09:30:43Z" finished-at="2022-07-16T09:30:43Z">
          <exception class="java.lang.AssertionError">
            <message>
              <![CDATA[expected [Venkatesh] but found [Keerthana]]]>
            </message>
            <full-stacktrace>
              <![CDATA[java.lang.AssertionError: expected [Venkatesh] but found [Keerthana]
at org.testng.Assert.fail(Assert.java:96)
at org.testng.Assert.failNotEquals(Assert.java:776)
at org.testng.Assert.assertEqualsImpl(Assert.java:137)
at org.testng.Assert.assertEquals(Assert.java:118)
at org.testng.Assert.assertEquals(Assert.java:453)
at org.testng.Assert.assertEquals(Assert.java:463)
at org.Testng.TvPurchaseTestng.closeicon(TvPurchaseTestng.java:87)
at sun.reflect.NativeMethodAccessorImpl.invoke0(Native Method)
at sun.reflect.NativeMethodAccessorImpl.invoke(NativeMethodAccessorImpl.java:62)
at sun.reflect.DelegatingMethodAccessorImpl.invoke(DelegatingMethodAccessorImpl.java:43)
at java.lang.reflect.Method.invoke(Method.java:498)
at org.testng.internal.MethodInvocationHelper.invokeMethod(MethodInvocationHelper.java:124)
at org.testng.internal.Invoker.invokeMethod(Invoker.java:583)
at org.testng.internal.Invoker.invokeTestMethod(Invoker.java:719)
at org.testng.internal.Invoker.invokeTestMethods(Invoker.java:989)
at org.testng.internal.TestMethodWorker.invokeTestMethods(TestMethodWorker.java:125)
at org.testng.internal.TestMethodWorker.run(TestMethodWorker.java:109)
at org.testng.TestRunner.privateRun(TestRunner.java:648)
at org.testng.TestRunner.run(TestRunner.java:505)
at org.testng.SuiteRunner.runTest(SuiteRunner.java:455)
at org.testng.SuiteRunner.runSequentially(SuiteRunner.java:450)
at org.testng.SuiteRunner.privateRun(SuiteRunner.java:415)
at org.testng.SuiteRunner.run(SuiteRunner.java:364)
at org.testng.SuiteRunnerWorker.runSuite(SuiteRunnerWorker.java:52)
at org.testng.SuiteRunnerWorker.run(SuiteRunnerWorker.java:84)
at org.testng.TestNG.runSuitesSequentially(TestNG.java:1208)
at org.testng.TestNG.runSuitesLocally(TestNG.java:1137)
at org.testng.TestNG.runSuites(TestNG.java:1049)
at org.testng.TestNG.run(TestNG.java:1017)
at org.testng.remote.AbstractRemoteTestNG.run(AbstractRemoteTestNG.java:114)
at org.testng.remote.RemoteTestNG.initAndRun(RemoteTestNG.java:251)
at org.testng.remote.RemoteTestNG.main(RemoteTestNG.java:77)
]]>
            </full-stacktrace>
          </exception> <!-- java.lang.AssertionError -->
          <reporter-output>
          </reporter-output>
        </test-method> <!-- closeicon -->
        <test-method status="PASS" signature="endTime()[pri:0, instance:org.Testng.TvPurchaseTestng@7d9d1a19]" name="endTime" is-config="true" duration-ms="0" started-at="2022-07-16T09:30:43Z" finished-at="2022-07-16T09:30:43Z">
          <reporter-output>
          </reporter-output>
        </test-method> <!-- endTime -->
        <test-method status="FAIL" signature="closeicon()[pri:3, instance:org.Testng.TvPurchaseTestng@7d9d1a19]" name="closeicon" duration-ms="147" started-at="2022-07-16T09:30:43Z" finished-at="2022-07-16T09:30:43Z">
          <exception class="java.lang.AssertionError">
            <message>
              <![CDATA[expected [Venkatesh] but found [Keerthana]]]>
            </message>
            <full-stacktrace>
              <![CDATA[java.lang.AssertionError: expected [Venkatesh] but found [Keerthana]
at org.testng.Assert.fail(Assert.java:96)
at org.testng.Assert.failNotEquals(Assert.java:776)
at org.testng.Assert.assertEqualsImpl(Assert.java:137)
at org.testng.Assert.assertEquals(Assert.java:118)
at org.testng.Assert.assertEquals(Assert.java:453)
at org.testng.Assert.assertEquals(Assert.java:463)
at org.Testng.TvPurchaseTestng.closeicon(TvPurchaseTestng.java:87)
at sun.reflect.NativeMethodAccessorImpl.invoke0(Native Method)
at sun.reflect.NativeMethodAccessorImpl.invoke(NativeMethodAccessorImpl.java:62)
at sun.reflect.DelegatingMethodAccessorImpl.invoke(DelegatingMethodAccessorImpl.java:43)
at java.lang.reflect.Method.invoke(Method.java:498)
at org.testng.internal.MethodInvocationHelper.invokeMethod(MethodInvocationHelper.java:124)
at org.testng.internal.Invoker.invokeMethod(Invoker.java:583)
at org.testng.internal.Invoker.retryFailed(Invoker.java:839)
at org.testng.internal.Invoker.invokeTestMethods(Invoker.java:1010)
at org.testng.internal.TestMethodWorker.invokeTestMethods(TestMethodWorker.java:125)
at org.testng.internal.TestMethodWorker.run(TestMethodWorker.java:109)
at org.testng.TestRunner.privateRun(TestRunner.java:648)
at org.testng.TestRunner.run(TestRunner.java:505)
at org.testng.SuiteRunner.runTest(SuiteRunner.java:455)
at org.testng.SuiteRunner.runSequentially(SuiteRunner.java:450)
at org.testng.SuiteRunner.privateRun(SuiteRunner.java:415)
at org.testng.SuiteRunner.run(SuiteRunner.java:364)
at org.testng.SuiteRunnerWorker.runSuite(SuiteRunnerWorker.java:52)
at org.testng.SuiteRunnerWorker.run(SuiteRunnerWorker.java:84)
at org.testng.TestNG.runSuitesSequentially(TestNG.java:1208)
at org.testng.TestNG.runSuitesLocally(TestNG.java:1137)
at org.testng.TestNG.runSuites(TestNG.java:1049)
at org.testng.TestNG.run(TestNG.java:1017)
at org.testng.remote.AbstractRemoteTestNG.run(AbstractRemoteTestNG.java:114)
at org.testng.remote.RemoteTestNG.initAndRun(RemoteTestNG.java:251)
at org.testng.remote.RemoteTestNG.main(RemoteTestNG.java:77)
]]>
            </full-stacktrace>
          </exception> <!-- java.lang.AssertionError -->
          <reporter-output>
          </reporter-output>
        </test-method> <!-- closeicon -->
        <test-method status="PASS" signature="startingTime()[pri:0, instance:org.Testng.TvPurchaseTestng@7d9d1a19]" name="startingTime" is-config="true" duration-ms="0" started-at="2022-07-16T09:30:43Z" finished-at="2022-07-16T09:30:43Z">
          <reporter-output>
          </reporter-output>
        </test-method> <!-- startingTime -->
        <test-method status="PASS" signature="endTime()[pri:0, instance:org.Testng.TvPurchaseTestng@7d9d1a19]" name="endTime" is-config="true" duration-ms="1" started-at="2022-07-16T09:30:43Z" finished-at="2022-07-16T09:30:43Z">
          <reporter-output>
          </reporter-output>
        </test-method> <!-- endTime -->
        <test-method status="PASS" signature="startingTime()[pri:0, instance:org.Testng.TvPurchaseTestng@7d9d1a19]" name="startingTime" is-config="true" duration-ms="1" started-at="2022-07-16T09:30:43Z" finished-at="2022-07-16T09:30:43Z">
          <reporter-output>
          </reporter-output>
        </test-method> <!-- startingTime -->
        <test-method status="SKIP" signature="GetMobileName()[pri:4, instance:org.Testng.TvPurchaseTestng@7d9d1a19]" name="GetMobileName" duration-ms="3096" started-at="2022-07-16T09:30:43Z" finished-at="2022-07-16T09:30:46Z">
          <exception class="org.openqa.selenium.InvalidSelectorException">
            <message>
              <![CDATA[invalid selector: Unable to locate an element with the xpath expression //div[text()='SAMSUNG The Frame 2021 Series 163 cm (65 inch) QLED Ultra HD (4K) Smart Tizen TV'][1]28 GB)'][1] because of the following error:
SyntaxError: Failed to execute 'evaluate' on 'Document': The string '//div[text()='SAMSUNG The Frame 2021 Series 163 cm (65 inch) QLED Ultra HD (4K) Smart Tizen TV'][1]28 GB)'][1]' is not a valid XPath expression.
  (Session info: chrome=103.0.5060.114)
For documentation on this error, please visit: https://www.seleniumhq.org/exceptions/invalid_selector_exception.html
Build info: version: '3.141.59', revision: 'e82be7d358', time: '2018-11-14T08:17:03'
System info: host: 'DESKTOP-UGQ32GM', ip: '192.168.145.105', os.name: 'Windows 10', os.arch: 'amd64', os.version: '10.0', java.version: '1.8.0_202'
Driver info: org.openqa.selenium.chrome.ChromeDriver
Capabilities {acceptInsecureCerts: false, browserName: chrome, browserVersion: 103.0.5060.114, chrome: {chromedriverVersion: 103.0.5060.53 (a1711811edd7..., userDataDir: C:\Users\HP\AppData\Local\T...}, goog:chromeOptions: {debuggerAddress: localhost:59396}, javascriptEnabled: true, networkConnectionEnabled: false, pageLoadStrategy: normal, platform: WINDOWS, platformName: WINDOWS, proxy: Proxy(), setWindowRect: true, strictFileInteractability: false, timeouts: {implicit: 0, pageLoad: 300000, script: 30000}, unhandledPromptBehavior: dismiss and notify, webauthn:extension:credBlob: true, webauthn:extension:largeBlob: true, webauthn:virtualAuthenticators: true}
Session ID: 74b3dd00b84d5e9f845928c2ec63cb4f
*** Element info: {Using=xpath, value=//div[text()='SAMSUNG The Frame 2021 Series 163 cm (65 inch) QLED Ultra HD (4K) Smart Tizen TV'][1]28 GB)'][1]}]]>
            </message>
            <full-stacktrace>
              <![CDATA[org.openqa.selenium.InvalidSelectorException: invalid selector: Unable to locate an element with the xpath expression //div[text()='SAMSUNG The Frame 2021 Series 163 cm (65 inch) QLED Ultra HD (4K) Smart Tizen TV'][1]28 GB)'][1] because of the following error:
SyntaxError: Failed to execute 'evaluate' on 'Document': The string '//div[text()='SAMSUNG The Frame 2021 Series 163 cm (65 inch) QLED Ultra HD (4K) Smart Tizen TV'][1]28 GB)'][1]' is not a valid XPath expression.
  (Session info: chrome=103.0.5060.114)
For documentation on this error, please visit: https://www.seleniumhq.org/exceptions/invalid_selector_exception.html
Build info: version: '3.141.59', revision: 'e82be7d358', time: '2018-11-14T08:17:03'
System info: host: 'DESKTOP-UGQ32GM', ip: '192.168.145.105', os.name: 'Windows 10', os.arch: 'amd64', os.version: '10.0', java.version: '1.8.0_202'
Driver info: org.openqa.selenium.chrome.ChromeDriver
Capabilities {acceptInsecureCerts: false, browserName: chrome, browserVersion: 103.0.5060.114, chrome: {chromedriverVersion: 103.0.5060.53 (a1711811edd7..., userDataDir: C:\Users\HP\AppData\Local\T...}, goog:chromeOptions: {debuggerAddress: localhost:59396}, javascriptEnabled: true, networkConnectionEnabled: false, pageLoadStrategy: normal, platform: WINDOWS, platformName: WINDOWS, proxy: Proxy(), setWindowRect: true, strictFileInteractability: false, timeouts: {implicit: 0, pageLoad: 300000, script: 30000}, unhandledPromptBehavior: dismiss and notify, webauthn:extension:credBlob: true, webauthn:extension:largeBlob: true, webauthn:virtualAuthenticators: true}
Session ID: 74b3dd00b84d5e9f845928c2ec63cb4f
*** Element info: {Using=xpath, value=//div[text()='SAMSUNG The Frame 2021 Series 163 cm (65 inch) QLED Ultra HD (4K) Smart Tizen TV'][1]28 GB)'][1]}
at sun.reflect.NativeConstructorAccessorImpl.newInstance0(Native Method)
at sun.reflect.NativeConstructorAccessorImpl.newInstance(NativeConstructorAccessorImpl.java:62)
at sun.reflect.DelegatingConstructorAccessorImpl.newInstance(DelegatingConstructorAccessorImpl.java:45)
at java.lang.reflect.Constructor.newInstance(Constructor.java:423)
at org.openqa.selenium.remote.http.W3CHttpResponseCodec.createException(W3CHttpResponseCodec.java:187)
at org.openqa.selenium.remote.http.W3CHttpResponseCodec.decode(W3CHttpResponseCodec.java:122)
at org.openqa.selenium.remote.http.W3CHttpResponseCodec.decode(W3CHttpResponseCodec.java:49)
at org.openqa.selenium.remote.HttpCommandExecutor.execute(HttpCommandExecutor.java:158)
at org.openqa.selenium.remote.service.DriverCommandExecutor.execute(DriverCommandExecutor.java:83)
at org.openqa.selenium.remote.RemoteWebDriver.execute(RemoteWebDriver.java:552)
at org.openqa.selenium.remote.RemoteWebDriver.findElement(RemoteWebDriver.java:323)
at org.openqa.selenium.remote.RemoteWebDriver.findElementByXPath(RemoteWebDriver.java:428)
at org.openqa.selenium.By$ByXPath.findElement(By.java:353)
at org.openqa.selenium.remote.RemoteWebDriver.findElement(RemoteWebDriver.java:315)
at org.Testng.TvPurchaseTestng.GetMobileName(TvPurchaseTestng.java:97)
at sun.reflect.NativeMethodAccessorImpl.invoke0(Native Method)
at sun.reflect.NativeMethodAccessorImpl.invoke(NativeMethodAccessorImpl.java:62)
at sun.reflect.DelegatingMethodAccessorImpl.invoke(DelegatingMethodAccessorImpl.java:43)
at java.lang.reflect.Method.invoke(Method.java:498)
at org.testng.internal.MethodInvocationHelper.invokeMethod(MethodInvocationHelper.java:124)
at org.testng.internal.Invoker.invokeMethod(Invoker.java:583)
at org.testng.internal.Invoker.invokeTestMethod(Invoker.java:719)
at org.testng.internal.Invoker.invokeTestMethods(Invoker.java:989)
at org.testng.internal.TestMethodWorker.invokeTestMethods(TestMethodWorker.java:125)
at org.testng.internal.TestMethodWorker.run(TestMethodWorker.java:109)
at org.testng.TestRunner.privateRun(TestRunner.java:648)
at org.testng.TestRunner.run(TestRunner.java:505)
at org.testng.SuiteRunner.runTest(SuiteRunner.java:455)
at org.testng.SuiteRunner.runSequentially(SuiteRunner.java:450)
at org.testng.SuiteRunner.privateRun(SuiteRunner.java:415)
at org.testng.SuiteRunner.run(SuiteRunner.java:364)
at org.testng.SuiteRunnerWorker.runSuite(SuiteRunnerWorker.java:52)
at org.testng.SuiteRunnerWorker.run(SuiteRunnerWorker.java:84)
at org.testng.TestNG.runSuitesSequentially(TestNG.java:1208)
at org.testng.TestNG.runSuitesLocally(TestNG.java:1137)
at org.testng.TestNG.runSuites(TestNG.java:1049)
at org.testng.TestNG.run(TestNG.java:1017)
at org.testng.remote.AbstractRemoteTestNG.run(AbstractRemoteTestNG.java:114)
at org.testng.remote.RemoteTestNG.initAndRun(RemoteTestNG.java:251)
at org.testng.remote.RemoteTestNG.main(RemoteTestNG.java:77)
]]>
            </full-stacktrace>
          </exception> <!-- org.openqa.selenium.InvalidSelectorException -->
          <reporter-output>
          </reporter-output>
        </test-method> <!-- GetMobileName -->
        <test-method status="PASS" signature="endTime()[pri:0, instance:org.Testng.TvPurchaseTestng@7d9d1a19]" name="endTime" is-config="true" duration-ms="1" started-at="2022-07-16T09:30:46Z" finished-at="2022-07-16T09:30:46Z">
          <reporter-output>
          </reporter-output>
        </test-method> <!-- endTime -->
        <test-method status="PASS" signature="startingTime()[pri:0, instance:org.Testng.TvPurchaseTestng@7d9d1a19]" name="startingTime" is-config="true" duration-ms="1" started-at="2022-07-16T09:30:46Z" finished-at="2022-07-16T09:30:46Z">
          <reporter-output>
          </reporter-output>
        </test-method> <!-- startingTime -->
        <test-method status="FAIL" signature="GetMobileName()[pri:4, instance:org.Testng.TvPurchaseTestng@7d9d1a19]" name="GetMobileName" duration-ms="3058" started-at="2022-07-16T09:30:46Z" finished-at="2022-07-16T09:30:49Z">
          <exception class="org.openqa.selenium.InvalidSelectorException">
            <message>
              <![CDATA[invalid selector: Unable to locate an element with the xpath expression //div[text()='SAMSUNG The Frame 2021 Series 163 cm (65 inch) QLED Ultra HD (4K) Smart Tizen TV'][1]28 GB)'][1] because of the following error:
SyntaxError: Failed to execute 'evaluate' on 'Document': The string '//div[text()='SAMSUNG The Frame 2021 Series 163 cm (65 inch) QLED Ultra HD (4K) Smart Tizen TV'][1]28 GB)'][1]' is not a valid XPath expression.
  (Session info: chrome=103.0.5060.114)
For documentation on this error, please visit: https://www.seleniumhq.org/exceptions/invalid_selector_exception.html
Build info: version: '3.141.59', revision: 'e82be7d358', time: '2018-11-14T08:17:03'
System info: host: 'DESKTOP-UGQ32GM', ip: '192.168.145.105', os.name: 'Windows 10', os.arch: 'amd64', os.version: '10.0', java.version: '1.8.0_202'
Driver info: org.openqa.selenium.chrome.ChromeDriver
Capabilities {acceptInsecureCerts: false, browserName: chrome, browserVersion: 103.0.5060.114, chrome: {chromedriverVersion: 103.0.5060.53 (a1711811edd7..., userDataDir: C:\Users\HP\AppData\Local\T...}, goog:chromeOptions: {debuggerAddress: localhost:59396}, javascriptEnabled: true, networkConnectionEnabled: false, pageLoadStrategy: normal, platform: WINDOWS, platformName: WINDOWS, proxy: Proxy(), setWindowRect: true, strictFileInteractability: false, timeouts: {implicit: 0, pageLoad: 300000, script: 30000}, unhandledPromptBehavior: dismiss and notify, webauthn:extension:credBlob: true, webauthn:extension:largeBlob: true, webauthn:virtualAuthenticators: true}
Session ID: 74b3dd00b84d5e9f845928c2ec63cb4f
*** Element info: {Using=xpath, value=//div[text()='SAMSUNG The Frame 2021 Series 163 cm (65 inch) QLED Ultra HD (4K) Smart Tizen TV'][1]28 GB)'][1]}]]>
            </message>
            <full-stacktrace>
              <![CDATA[org.openqa.selenium.InvalidSelectorException: invalid selector: Unable to locate an element with the xpath expression //div[text()='SAMSUNG The Frame 2021 Series 163 cm (65 inch) QLED Ultra HD (4K) Smart Tizen TV'][1]28 GB)'][1] because of the following error:
SyntaxError: Failed to execute 'evaluate' on 'Document': The string '//div[text()='SAMSUNG The Frame 2021 Series 163 cm (65 inch) QLED Ultra HD (4K) Smart Tizen TV'][1]28 GB)'][1]' is not a valid XPath expression.
  (Session info: chrome=103.0.5060.114)
For documentation on this error, please visit: https://www.seleniumhq.org/exceptions/invalid_selector_exception.html
Build info: version: '3.141.59', revision: 'e82be7d358', time: '2018-11-14T08:17:03'
System info: host: 'DESKTOP-UGQ32GM', ip: '192.168.145.105', os.name: 'Windows 10', os.arch: 'amd64', os.version: '10.0', java.version: '1.8.0_202'
Driver info: org.openqa.selenium.chrome.ChromeDriver
Capabilities {acceptInsecureCerts: false, browserName: chrome, browserVersion: 103.0.5060.114, chrome: {chromedriverVersion: 103.0.5060.53 (a1711811edd7..., userDataDir: C:\Users\HP\AppData\Local\T...}, goog:chromeOptions: {debuggerAddress: localhost:59396}, javascriptEnabled: true, networkConnectionEnabled: false, pageLoadStrategy: normal, platform: WINDOWS, platformName: WINDOWS, proxy: Proxy(), setWindowRect: true, strictFileInteractability: false, timeouts: {implicit: 0, pageLoad: 300000, script: 30000}, unhandledPromptBehavior: dismiss and notify, webauthn:extension:credBlob: true, webauthn:extension:largeBlob: true, webauthn:virtualAuthenticators: true}
Session ID: 74b3dd00b84d5e9f845928c2ec63cb4f
*** Element info: {Using=xpath, value=//div[text()='SAMSUNG The Frame 2021 Series 163 cm (65 inch) QLED Ultra HD (4K) Smart Tizen TV'][1]28 GB)'][1]}
at sun.reflect.NativeConstructorAccessorImpl.newInstance0(Native Method)
at sun.reflect.NativeConstructorAccessorImpl.newInstance(NativeConstructorAccessorImpl.java:62)
at sun.reflect.DelegatingConstructorAccessorImpl.newInstance(DelegatingConstructorAccessorImpl.java:45)
at java.lang.reflect.Constructor.newInstance(Constructor.java:423)
at org.openqa.selenium.remote.http.W3CHttpResponseCodec.createException(W3CHttpResponseCodec.java:187)
at org.openqa.selenium.remote.http.W3CHttpResponseCodec.decode(W3CHttpResponseCodec.java:122)
at org.openqa.selenium.remote.http.W3CHttpResponseCodec.decode(W3CHttpResponseCodec.java:49)
at org.openqa.selenium.remote.HttpCommandExecutor.execute(HttpCommandExecutor.java:158)
at org.openqa.selenium.remote.service.DriverCommandExecutor.execute(DriverCommandExecutor.java:83)
at org.openqa.selenium.remote.RemoteWebDriver.execute(RemoteWebDriver.java:552)
at org.openqa.selenium.remote.RemoteWebDriver.findElement(RemoteWebDriver.java:323)
at org.openqa.selenium.remote.RemoteWebDriver.findElementByXPath(RemoteWebDriver.java:428)
at org.openqa.selenium.By$ByXPath.findElement(By.java:353)
at org.openqa.selenium.remote.RemoteWebDriver.findElement(RemoteWebDriver.java:315)
at org.Testng.TvPurchaseTestng.GetMobileName(TvPurchaseTestng.java:97)
at sun.reflect.NativeMethodAccessorImpl.invoke0(Native Method)
at sun.reflect.NativeMethodAccessorImpl.invoke(NativeMethodAccessorImpl.java:62)
at sun.reflect.DelegatingMethodAccessorImpl.invoke(DelegatingMethodAccessorImpl.java:43)
at java.lang.reflect.Method.invoke(Method.java:498)
at org.testng.internal.MethodInvocationHelper.invokeMethod(MethodInvocationHelper.java:124)
at org.testng.internal.Invoker.invokeMethod(Invoker.java:583)
at org.testng.internal.Invoker.retryFailed(Invoker.java:839)
at org.testng.internal.Invoker.invokeTestMethods(Invoker.java:1010)
at org.testng.internal.TestMethodWorker.invokeTestMethods(TestMethodWorker.java:125)
at org.testng.internal.TestMethodWorker.run(TestMethodWorker.java:109)
at org.testng.TestRunner.privateRun(TestRunner.java:648)
at org.testng.TestRunner.run(TestRunner.java:505)
at org.testng.SuiteRunner.runTest(SuiteRunner.java:455)
at org.testng.SuiteRunner.runSequentially(SuiteRunner.java:450)
at org.testng.SuiteRunner.privateRun(SuiteRunner.java:415)
at org.testng.SuiteRunner.run(SuiteRunner.java:364)
at org.testng.SuiteRunnerWorker.runSuite(SuiteRunnerWorker.java:52)
at org.testng.SuiteRunnerWorker.run(SuiteRunnerWorker.java:84)
at org.testng.TestNG.runSuitesSequentially(TestNG.java:1208)
at org.testng.TestNG.runSuitesLocally(TestNG.java:1137)
at org.testng.TestNG.runSuites(TestNG.java:1049)
at org.testng.TestNG.run(TestNG.java:1017)
at org.testng.remote.AbstractRemoteTestNG.run(AbstractRemoteTestNG.java:114)
at org.testng.remote.RemoteTestNG.initAndRun(RemoteTestNG.java:251)
at org.testng.remote.RemoteTestNG.main(RemoteTestNG.java:77)
]]>
            </full-stacktrace>
          </exception> <!-- org.openqa.selenium.InvalidSelectorException -->
          <reporter-output>
          </reporter-output>
        </test-method> <!-- GetMobileName -->
        <test-method status="PASS" signature="endTime()[pri:0, instance:org.Testng.TvPurchaseTestng@7d9d1a19]" name="endTime" is-config="true" duration-ms="0" started-at="2022-07-16T09:30:49Z" finished-at="2022-07-16T09:30:49Z">
          <reporter-output>
          </reporter-output>
        </test-method> <!-- endTime -->
        <test-method status="PASS" signature="ScreenShot()[pri:5, instance:org.Testng.TvPurchaseTestng@7d9d1a19]" name="ScreenShot" duration-ms="345" started-at="2022-07-16T09:30:49Z" finished-at="2022-07-16T09:30:49Z">
          <reporter-output>
          </reporter-output>
        </test-method> <!-- ScreenShot -->
        <test-method status="PASS" signature="startingTime()[pri:0, instance:org.Testng.TvPurchaseTestng@7d9d1a19]" name="startingTime" is-config="true" duration-ms="0" started-at="2022-07-16T09:30:49Z" finished-at="2022-07-16T09:30:49Z">
          <reporter-output>
          </reporter-output>
        </test-method> <!-- startingTime -->
        <test-method status="PASS" signature="endTime()[pri:0, instance:org.Testng.TvPurchaseTestng@7d9d1a19]" name="endTime" is-config="true" duration-ms="3" started-at="2022-07-16T09:30:49Z" finished-at="2022-07-16T09:30:49Z">
          <reporter-output>
          </reporter-output>
        </test-method> <!-- endTime -->
      </class> <!-- org.Testng.TvPurchaseTestng -->
    </test> <!-- Test -->
  </suite> <!-- Suite -->
</testng-results>
